Start testing: Aug 13 05:11 CEST
----------------------------------------------------------
16/18 Testing: OrderBookTest.SameSideIsNotMatched
16/18 Test: OrderBookTest.SameSideIsNotMatched
Command: "/home/peter/dev/order-book-sim/build/order-book-tests" "--gtest_filter=OrderBookTest.SameSideIsNotMatched" "--gtest_also_run_disabled_tests"
Directory: /home/peter/dev/order-book-sim/build
"OrderBookTest.SameSideIsNotMatched" start time: Aug 13 05:11 CEST
Output:
----------------------------------------------------------
Running main() from /home/peter/dev/order-book-sim/build/_deps/googletest-src/googletest/src/gtest_main.cc
Note: Google Test filter = OrderBookTest.SameSideIsNotMatched
[==========] Running 1 test from 1 test suite.
[----------] Global test environment set-up.
[----------] 1 test from OrderBookTest
[ RUN      ] OrderBookTest.SameSideIsNotMatched
[       OK ] OrderBookTest.SameSideIsNotMatched (0 ms)
[----------] 1 test from OrderBookTest (0 ms total)

[----------] Global test environment tear-down
[==========] 1 test from 1 test suite ran. (0 ms total)
[  PASSED  ] 1 test.
<end of output>
Test time =   0.00 sec
----------------------------------------------------------
Test Passed.
"OrderBookTest.SameSideIsNotMatched" end time: Aug 13 05:11 CEST
"OrderBookTest.SameSideIsNotMatched" time elapsed: 00:00:00
----------------------------------------------------------

End testing: Aug 13 05:11 CEST
