<?xml version="1.0" encoding="UTF-8"?>
<Site BuildName="(empty)"
	BuildStamp="20260813-0308-Experimental"
	Name="(empty)"
	Generator="ctest-4.2.3"
	CompilerName=""
	CompilerVersion=""
	OSName="Linux"
	Hostname="Monetenbub"
	OSRelease="6.6.114.1-microsoft-standard-WSL2"
	OSVersion="#1 SMP PREEMPT_DYNAMIC Mon Dec  1 20:46:23 UTC 2025"
	OSPlatform="x86_64"
	Is64Bits="1"
	VendorString="AuthenticAMD"
	VendorID="Advanced Micro Devices"
	FamilyID="23"
	ModelID="113"
	ModelName="AMD Ryzen 7 3700X 8-Core Processor"
	ProcessorCacheSize="512"
	NumberOfLogicalCPU="16"
	NumberOfPhysicalCPU="8"
	TotalVirtualMemory="6144"
	TotalPhysicalMemory="23984"
	LogicalProcessorsPerPhysical="2"
	ProcessorClockFrequency="4050.05"
	>
	<Testing>
		<StartDateTime>Aug 13 05:11 CEST</StartDateTime>
		<StartTestTime>1786590688</StartTestTime>
		<TestList>
			<Test>./OrderBookTest.SameSideIsNotMatched</Test>
		</TestList>
		<Test Status="passed">
			<Name>OrderBookTest.SameSideIsNotMatched</Name>
			<Path>.</Path>
			<FullName>./OrderBookTest.SameSideIsNotMatched</FullName>
			<FullCommandLine>/home/peter/dev/order-book-sim/build/order-book-tests "--gtest_filter=OrderBookTest.SameSideIsNotMatched" "--gtest_also_run_disabled_tests"</FullCommandLine>
			<Results>
				<NamedMeasurement type="numeric/double" name="Execution Time">
					<Value>0.00361076</Value>
				</NamedMeasurement>
				<NamedMeasurement type="numeric/double" name="Processors">
					<Value>1</Value>
				</NamedMeasurement>
				<NamedMeasurement type="text/string" name="Completion Status">
					<Value>Completed</Value>
				</NamedMeasurement>
				<NamedMeasurement type="text/string" name="Command Line">
					<Value>/home/peter/dev/order-book-sim/build/order-book-tests "--gtest_filter=OrderBookTest.SameSideIsNotMatched" "--gtest_also_run_disabled_tests"</Value>
				</NamedMeasurement>
				<NamedMeasurement type="text/string" name="Environment">
					<Value>#CTEST_RESOURCE_GROUP_COUNT=</Value>
				</NamedMeasurement>
				<Measurement>
					<Value encoding="base64" compression="gzip">eJyNkMFqwzAMhu95Ch2bg+PtOuhhY6OMsXYk2ymE4sZqamZbwXa615+dlNIMBtFJsj7r/6VysFbZDoxQdpXD0ZEBfiKDvMeAjks8c3ISHTsQfTOvDD8MSku+l9h73hF1OoI+MO/am5KPZcr2aXTRttmWAj7AZkTgM3bgqHTUgDXsksJTFEjPRSUMVkriq49f3kVoTyizen2NBsqL63sI45zk+pL7QQUssppdo4GNpoPQUx/tWTmyBm1kMbCh/wPfzpz5ymoov7YwRrPI8sTC7m0RD6s7MD5f6GaiIVAQOs+W7RtQOCbpx86v+d8VwQlbzHXiSh+PVfXynE4wsUX2CyBcvVI=</Value>
				</Measurement>
			</Results>
		</Test>
		<EndDateTime>Aug 13 05:11 CEST</EndDateTime>
		<EndTestTime>1786590688</EndTestTime>
		<ElapsedMinutes>0</ElapsedMinutes>
	</Testing>
</Site>
